# JRE version: Java(TM) SE Runtime Environment (8.0_202-b08) (build 1.8.0_202-b08)
# Java VM: Java HotSpot(TM) 64-Bit Server VM (25.202-b08 mixed mode linux-amd64 compressed oops)
Heap:
 PSYoungGen      total 69120K, used 48110K [0x00000000fab00000, 0x00000000ffe80000, 0x0000000100000000)
  eden space 53760K, 88% used [0x00000000fab00000,0x00000000fd954778,0x00000000fdf80000)
  from space 15360K, 4% used [0x00000000fef80000,0x00000000ff027258,0x00000000ffe80000)
  to   space 15872K, 0% used [0x00000000fdf80000,0x00000000fdf80000,0x00000000fef00000)
 ParOldGen       total 175104K, used 114310K [0x00000000f0000000, 0x00000000fab00000, 0x00000000fab00000)
  object space 175104K, 65% used [0x00000000f0000000,0x00000000f6fa1800,0x00000000fab00000)
 Metaspace       used 46060K, capacity 46724K, committed 47144K, reserved 1091584K
  class space    used 4609K, capacity 4793K, committed 4904K, reserved 1048576K
GC Heap History (10 events):
Event: 14896.135 GC heap before
{Heap before GC invocations=1940 (full 166):
 PSYoungGen      total 66560K, used 50457K [0x00000000fab00000, 0x00000000fff00000, 0x0000000100000000)
  eden space 47104K, 99% used [0x00000000fab00000,0x00000000fd8ccf70,0x00000000fd900000)
  from space 19456K, 18% used [0x00000000fd900000,0x00000000fdc795c0,0x00000000fec00000)
  to   space 18944K, 0% used [0x00000000fec80000,0x00000000fec80000,0x00000000fff00000)
 ParOldGen       total 175104K, used 105821K [0x00000000f0000000, 0x00000000fab00000, 0x00000000fab00000)
  object space 175104K, 60% used [0x00000000f0000000,0x00000000f67575a0,0x00000000fab00000)
 Metaspace       used 46003K, capacity 46716K, committed 47144K, reserved 1091584K
  class space    used 4604K, capacity 4791K, committed 4904K, reserved 1048576K
Event: 14896.137 GC heap after
Heap after GC invocations=1940 (full 166):
 PSYoungGen      total 67072K, used 1835K [0x00000000fab00000, 0x00000000ffe80000, 0x0000000100000000)
  eden space 48640K, 0% used [0x00000000fab00000,0x00000000fab00000,0x00000000fda80000)
  from space 18432K, 9% used [0x00000000fec80000,0x00000000fee4ac28,0x00000000ffe80000)
  to   space 18432K, 0% used [0x00000000fda80000,0x00000000fda80000,0x00000000fec80000)
 ParOldGen       total 175104K, used 107477K [0x00000000f0000000, 0x00000000fab00000, 0x00000000fab00000)
  object space 175104K, 61% used [0x00000000f0000000,0x00000000f68f57d0,0x00000000fab00000)
 Metaspace       used 46003K, capacity 46716K, committed 47144K, reserved 1091584K
  class space    used 4604K, capacity 4791K, committed 4904K, reserved 1048576K
}
Event: 14896.189 GC heap before
{Heap before GC invocations=1941 (full 166):
 PSYoungGen      total 67072K, used 50371K [0x00000000fab00000, 0x00000000ffe80000, 0x0000000100000000)
  eden space 48640K, 99% used [0x00000000fab00000,0x00000000fda66060,0x00000000fda80000)
  from space 18432K, 9% used [0x00000000fec80000,0x00000000fee4ac28,0x00000000ffe80000)
  to   space 18432K, 0% used [0x00000000fda80000,0x00000000fda80000,0x00000000fec80000)
 ParOldGen       total 175104K, used 107477K [0x00000000f0000000, 0x00000000fab00000, 0x00000000fab00000)
  object space 175104K, 61% used [0x00000000f0000000,0x00000000f68f57d0,0x00000000fab00000)
 Metaspace       used 46003K, capacity 46716K, committed 47144K, reserved 1091584K
  class space    used 4604K, capacity 4791K, committed 4904K, reserved 1048576K
Event: 14896.191 GC heap after
Heap after GC invocations=1941 (full 166):
 PSYoungGen      total 67072K, used 1130K [0x00000000fab00000, 0x00000000fff00000, 0x0000000100000000)
  eden space 48640K, 0% used [0x00000000fab00000,0x00000000fab00000,0x00000000fda80000)
  from space 18432K, 6% used [0x00000000fda80000,0x00000000fdb9aae8,0x00000000fec80000)
  to   space 17920K, 0% used [0x00000000fed80000,0x00000000fed80000,0x00000000fff00000)
 ParOldGen       total 175104K, used 107485K [0x00000000f0000000, 0x00000000fab00000, 0x00000000fab00000)
  object space 175104K, 61% used [0x00000000f0000000,0x00000000f68f77d0,0x00000000fab00000)
 Metaspace       used 46003K, capacity 46716K, committed 47144K, reserved 1091584K
  class space    used 4604K, capacity 4791K, committed 4904K, reserved 1048576K
}
Event: 14896.276 GC heap before
{Heap before GC invocations=1942 (full 166):
 PSYoungGen      total 67072K, used 49770K [0x00000000fab00000, 0x00000000fff00000, 0x0000000100000000)
  eden space 48640K, 100% used [0x00000000fab00000,0x00000000fda80000,0x00000000fda80000)
  from space 18432K, 6% used [0x00000000fda80000,0x00000000fdb9aae8,0x00000000fec80000)
  to   space 17920K, 0% used [0x00000000fed80000,0x00000000fed80000,0x00000000fff00000)
 ParOldGen       total 175104K, used 107485K [0x00000000f0000000, 0x00000000fab00000, 0x00000000fab00000)
  object space 175104K, 61% used [0x00000000f0000000,0x00000000f68f77d0,0x00000000fab00000)
 Metaspace       used 46003K, capacity 46716K, committed 47144K, reserved 1091584K
  class space    used 4604K, capacity 4791K, committed 4904K, reserved 1048576K
Event: 14896.283 GC heap after
Heap after GC invocations=1942 (full 166):
 PSYoungGen      total 67072K, used 6388K [0x00000000fab00000, 0x00000000ffd80000, 0x0000000100000000)
  eden space 50688K, 0% used [0x00000000fab00000,0x00000000fab00000,0x00000000fdc80000)
  from space 16384K, 38% used [0x00000000fed80000,0x00000000ff3bd2f8,0x00000000ffd80000)
  to   space 16896K, 0% used [0x00000000fdc80000,0x00000000fdc80000,0x00000000fed00000)
 ParOldGen       total 175104K, used 108238K [0x00000000f0000000, 0x00000000fab00000, 0x00000000fab00000)
  object space 175104K, 61% used [0x00000000f0000000,0x00000000f69b3978,0x00000000fab00000)
 Metaspace       used 46003K, capacity 46716K, committed 47144K, reserved 1091584K
  class space    used 4604K, capacity 4791K, committed 4904K, reserved 1048576K
}
Event: 17010.915 GC heap before
{Heap before GC invocations=1943 (full 166):
 PSYoungGen      total 67072K, used 57076K [0x00000000fab00000, 0x00000000ffd80000, 0x0000000100000000)
  eden space 50688K, 100% used [0x00000000fab00000,0x00000000fdc80000,0x00000000fdc80000)
  from space 16384K, 38% used [0x00000000fed80000,0x00000000ff3bd2f8,0x00000000ffd80000)
  to   space 16896K, 0% used [0x00000000fdc80000,0x00000000fdc80000,0x00000000fed00000)
 ParOldGen       total 175104K, used 108238K [0x00000000f0000000, 0x00000000fab00000, 0x00000000fab00000)
  object space 175104K, 61% used [0x00000000f0000000,0x00000000f69b3978,0x00000000fab00000)
 Metaspace       used 46060K, capacity 46724K, committed 47144K, reserved 1091584K
  class space    used 4609K, capacity 4793K, committed 4904K, reserved 1048576K
Event: 17010.928 GC heap after
Heap after GC invocations=1943 (full 166):
 PSYoungGen      total 67584K, used 1120K [0x00000000fab00000, 0x00000000fff80000, 0x0000000100000000)
  eden space 50688K, 0% used [0x00000000fab00000,0x00000000fab00000,0x00000000fdc80000)
  from space 16896K, 6% used [0x00000000fdc80000,0x00000000fdd982e0,0x00000000fed00000)
  to   space 16384K, 0% used [0x00000000fef80000,0x00000000fef80000,0x00000000fff80000)
 ParOldGen       total 175104K, used 113975K [0x00000000f0000000, 0x00000000fab00000, 0x00000000fab00000)
  object space 175104K, 65% used [0x00000000f0000000,0x00000000f6f4dee0,0x00000000fab00000)
 Metaspace       used 46060K, capacity 46724K, committed 47144K, reserved 1091584K
  class space    used 4609K, capacity 4793K, committed 4904K, reserved 1048576K
}
Event: 18910.235 GC heap before
{Heap before GC invocations=1944 (full 166):
 PSYoungGen      total 67584K, used 51808K [0x00000000fab00000, 0x00000000fff80000, 0x0000000100000000)
  eden space 50688K, 100% used [0x00000000fab00000,0x00000000fdc80000,0x00000000fdc80000)
  from space 16896K, 6% used [0x00000000fdc80000,0x00000000fdd982e0,0x00000000fed00000)
  to   space 16384K, 0% used [0x00000000fef80000,0x00000000fef80000,0x00000000fff80000)
 ParOldGen       total 175104K, used 113975K [0x00000000f0000000, 0x00000000fab00000, 0x00000000fab00000)
  object space 175104K, 65% used [0x00000000f0000000,0x00000000f6f4dee0,0x00000000fab00000)
 Metaspace       used 46060K, capacity 46724K, committed 47144K, reserved 1091584K
  class space    used 4609K, capacity 4793K, committed 4904K, reserved 1048576K
Event: 18910.241 GC heap after
Heap after GC invocations=1944 (full 166):
 PSYoungGen      total 69120K, used 668K [0x00000000fab00000, 0x00000000ffe80000, 0x0000000100000000)
  eden space 53760K, 0% used [0x00000000fab00000,0x00000000fab00000,0x00000000fdf80000)
  from space 15360K, 4% used [0x00000000fef80000,0x00000000ff027258,0x00000000ffe80000)
  to   space 15872K, 0% used [0x00000000fdf80000,0x00000000fdf80000,0x00000000fef00000)
 ParOldGen       total 175104K, used 114310K [0x00000000f0000000, 0x00000000fab00000, 0x00000000fab00000)
  object space 175104K, 65% used [0x00000000f0000000,0x00000000f6fa1800,0x00000000fab00000)
 Metaspace       used 46060K, capacity 46724K, committed 47144K, reserved 1091584K
  class space    used 4609K, capacity 4793K, committed 4904K, reserved 1048576K
}

